c:\all projects c drive\visual studio\c++\cpparrays\cpparrays\x64\debug\vc143.pdb
c:\all projects c drive\visual studio\c++\cpparrays\cpparrays\x64\debug\vc143.idb
c:\all projects c drive\visual studio\c++\cpparrays\cpparrays\x64\debug\log.obj
c:\all projects c drive\visual studio\c++\cpparrays\cpparrays\x64\debug\cpparrays.obj
d:\school\fall 2022\algorithms\algorithmsfa22repo\algorithmsfa22\cpparrays\cpparrays\x64\debug\vc143.pdb
d:\school\fall 2022\algorithms\algorithmsfa22repo\algorithmsfa22\cpparrays\cpparrays\x64\debug\vc143.idb
d:\school\fall 2022\algorithms\algorithmsfa22repo\algorithmsfa22\cpparrays\cpparrays\x64\debug\log.obj
d:\school\fall 2022\algorithms\algorithmsfa22repo\algorithmsfa22\cpparrays\cpparrays\x64\debug\cpparrays.obj
c:\all projects c drive\visual studio\c++\cpparrays\x64\debug\cpparrays.exe
c:\all projects c drive\visual studio\c++\cpparrays\cpparrays\x64\debug\cpparrays.ilk
c:\all projects c drive\visual studio\c++\cpparrays\x64\debug\cpparrays.pdb
d:\school\fall 2022\algorithms\algorithmsfa22repo\algorithmsfa22\cpparrays\x64\debug\cpparrays.exe
d:\school\fall 2022\algorithms\algorithmsfa22repo\algorithmsfa22\cpparrays\cpparrays\x64\debug\cpparrays.ilk
d:\school\fall 2022\algorithms\algorithmsfa22repo\algorithmsfa22\cpparrays\x64\debug\cpparrays.pdb
d:\school\fall 2022\algorithms\algorithmsfa22repo\algorithmsfa22\cpparrays\cpparrays\x64\debug\cpparrays.tlog\cl.command.1.tlog
d:\school\fall 2022\algorithms\algorithmsfa22repo\algorithmsfa22\cpparrays\cpparrays\x64\debug\cpparrays.tlog\cl.read.1.tlog
d:\school\fall 2022\algorithms\algorithmsfa22repo\algorithmsfa22\cpparrays\cpparrays\x64\debug\cpparrays.tlog\cl.write.1.tlog
d:\school\fall 2022\algorithms\algorithmsfa22repo\algorithmsfa22\cpparrays\cpparrays\x64\debug\cpparrays.tlog\link.command.1.tlog
d:\school\fall 2022\algorithms\algorithmsfa22repo\algorithmsfa22\cpparrays\cpparrays\x64\debug\cpparrays.tlog\link.read.1.tlog
d:\school\fall 2022\algorithms\algorithmsfa22repo\algorithmsfa22\cpparrays\cpparrays\x64\debug\cpparrays.tlog\link.write.1.tlog
